Using pre-set license
Built from '2020.3/staging' branch; Version is '2020.3.22f1 (e1a7f79fd887) revision 14788599'; Using compiler version '192528614'; Build Type 'Release'
OS: 'Windows 10 Pro; OS build 19042.1415; Version 2009; 64bit' Language: 'en' Physical Memory: 8138 MB
BatchMode: 1, IsHumanControllingUs: 0, StartBugReporterOnCrash: 0, Is64bit: 1, IsPro: 0

COMMAND LINE ARGUMENTS:
C:\Program Files\Unity\Hub\Editor\2020.3.22f1\Editor\Unity.exe
-adb2
-batchMode
-noUpm
-name
AssetImportWorker0
-projectPath
D:/SCISSDRIVE/UnivVR
-logFile
Logs/AssetImportWorker0.log
-srvPort
54193
Successfully changed project path to: D:/SCISSDRIVE/UnivVR
D:/SCISSDRIVE/UnivVR
Using Asset Import Pipeline V2.
Refreshing native plugins compatible for Editor in 51.28 ms, found 3 plugins.
Preloading 0 native plugins for Editor in 0.00 ms.
Initialize engine version: 2020.3.22f1 (e1a7f79fd887)
[Subsystems] Discovering subsystems at path C:/Program Files/Unity/Hub/Editor/2020.3.22f1/Editor/Data/Resources/UnitySubsystems
[Subsystems] Discovering subsystems at path D:/SCISSDRIVE/UnivVR/Assets
GfxDevice: creating device client; threaded=0
Direct3D:
    Version:  Direct3D 11.0 [level 11.1]
    Renderer: NVIDIA GeForce GTX 970 (ID=0x13c2)
    Vendor:   
    VRAM:     4043 MB
    Driver:   27.21.14.6627
Initialize mono
Mono path[0] = 'C:/Program Files/Unity/Hub/Editor/2020.3.22f1/Editor/Data/Managed'
Mono path[1] = 'C:/Program Files/Unity/Hub/Editor/2020.3.22f1/Editor/Data/MonoBleedingEdge/lib/mono/unityjit'
Mono config path = 'C:/Program Files/Unity/Hub/Editor/2020.3.22f1/Editor/Data/MonoBleedingEdge/etc'
Using monoOptions --debugger-agent=transport=dt_socket,embedding=1,server=y,suspend=n,address=127.0.0.1:56756
Begin MonoManager ReloadAssembly
Registering precompiled unity dll's ...
Register platform support module: C:/Program Files/Unity/Hub/Editor/2020.3.22f1/Editor/Data/PlaybackEngines/WindowsStandaloneSupport/UnityEditor.WindowsStandalone.Extensions.dll
Registered in 0.003166 seconds.
Native extension for WindowsStandalone target not found
Refreshing native plugins compatible for Editor in 65.65 ms, found 3 plugins.
Preloading 0 native plugins for Editor in 0.00 ms.
Mono: successfully reloaded assembly
- Completed reload, in  3.374 seconds
Domain Reload Profiling:
	ReloadAssembly (3374ms)
		BeginReloadAssembly (59ms)
			ExecutionOrderSort (0ms)
			DisableScriptedObjects (0ms)
			BackupInstance (0ms)
			ReleaseScriptingObjects (0ms)
			CreateAndSetChildDomain (1ms)
		EndReloadAssembly (562ms)
			LoadAssemblies (57ms)
			RebuildTransferFunctionScriptingTraits (0ms)
			SetupTypeCache (175ms)
			ReleaseScriptCaches (0ms)
			RebuildScriptCaches (35ms)
			SetupLoadedEditorAssemblies (235ms)
				LogAssemblyErrors (0ms)
				InitializePlatformSupportModulesInManaged (4ms)
				SetLoadedEditorAssemblies (0ms)
				RefreshPlugins (66ms)
				BeforeProcessingInitializeOnLoad (20ms)
				ProcessInitializeOnLoadAttributes (93ms)
				ProcessInitializeOnLoadMethodAttributes (52ms)
				AfterProcessingInitializeOnLoad (0ms)
				EditorAssembliesLoaded (0ms)
			ExecutionOrderSort2 (0ms)
			AwakeInstancesAfterBackupRestoration (0ms)
Platform modules already initialized, skipping
Registering precompiled user dll's ...
Registered in 0.119494 seconds.
Begin MonoManager ReloadAssembly
Native extension for WindowsStandalone target not found
Refreshing native plugins compatible for Editor in 0.62 ms, found 3 plugins.
Preloading 0 native plugins for Editor in 0.00 ms.
Mono: successfully reloaded assembly
- Completed reload, in  2.043 seconds
Domain Reload Profiling:
	ReloadAssembly (2043ms)
		BeginReloadAssembly (145ms)
			ExecutionOrderSort (0ms)
			DisableScriptedObjects (4ms)
			BackupInstance (0ms)
			ReleaseScriptingObjects (0ms)
			CreateAndSetChildDomain (16ms)
		EndReloadAssembly (1839ms)
			LoadAssemblies (1093ms)
			RebuildTransferFunctionScriptingTraits (0ms)
			SetupTypeCache (278ms)
			ReleaseScriptCaches (0ms)
			RebuildScriptCaches (50ms)
			SetupLoadedEditorAssemblies (342ms)
				LogAssemblyErrors (0ms)
				InitializePlatformSupportModulesInManaged (4ms)
				SetLoadedEditorAssemblies (0ms)
				RefreshPlugins (1ms)
				BeforeProcessingInitializeOnLoad (79ms)
				ProcessInitializeOnLoadAttributes (209ms)
				ProcessInitializeOnLoadMethodAttributes (42ms)
				AfterProcessingInitializeOnLoad (6ms)
				EditorAssembliesLoaded (0ms)
			ExecutionOrderSort2 (0ms)
			AwakeInstancesAfterBackupRestoration (6ms)
Platform modules already initialized, skipping
========================================================================
Worker process is ready to serve import requests
Launched and connected shader compiler UnityShaderCompiler.exe after 0.08 seconds
Refreshing native plugins compatible for Editor in 0.62 ms, found 3 plugins.
Preloading 0 native plugins for Editor in 0.00 ms.
Unloading 2458 Unused Serialized files (Serialized files now loaded: 0)
System memory in use before: 97.7 MB.
System memory in use after: 97.8 MB.

Unloading 60 unused Assets to reduce memory usage. Loaded Objects now: 2864.
Total: 8.454900 ms (FindLiveObjects: 0.294400 ms CreateObjectMapping: 0.241400 ms MarkObjects: 7.826700 ms  DeleteObjects: 0.091300 ms)

AssetImportParameters requested are different than current active one (requested -> active):
  custom:framework-win-MediaFoundation: 216162199b28c13a410421893ffa2e32 -> 
  custom:video-decoder-ogg-theora: a1e56fd34408186e4bbccfd4996cb3dc -> 
  custom:container-muxer-webm: aa71ff27fc2769a1b78a27578f13a17b -> 
  custom:container-demuxer-webm: 4f35f7cbe854078d1ac9338744f61a02 -> 
  custom:container-demuxer-ogg: 62fdf1f143b41e24485cea50d1cbac27 -> 
  custom:video-encoder-webm-vp8: eb34c28f22e8b96e1ab97ce403110664 -> 
  custom:video-decoder-webm-vp8: 9c59270c3fd7afecdb556c50c9e8de78 -> 
  custom:audio-decoder-ogg-vorbis: bf7c407c2cedff20999df2af8eb42d56 -> 
  custom:audio-encoder-webm-vorbis: bf7c407c2cedff20999df2af8eb42d56 -> 
========================================================================
Received Import Request.
  path: Assets/Scripts/OctahedronSphereCreator.cs
  artifactKey: Guid(883b73d361593d94d9e32e31e303d4a4) Importer(815301076,1909f56bfc062723c751e8b465ee728b)
Start importing Assets/Scripts/OctahedronSphereCreator.cs using Guid(883b73d361593d94d9e32e31e303d4a4) Importer(815301076,1909f56bfc062723c751e8b465ee728b)  -> (artifact id: '710a1ea2d4f063ad15d71207bc9d4e5b') in 0.031906 seconds 
  Import took 0.036127 seconds .

========================================================================
Received Import Request.
  Time since last request: 553.551431 seconds.
  path: Assets/Shaders/DomeMapShader.shader
  artifactKey: Guid(7dcf940e24589964ba65bbd6ef0a7183) Importer(815301076,1909f56bfc062723c751e8b465ee728b)
Start importing Assets/Shaders/DomeMapShader.shader using Guid(7dcf940e24589964ba65bbd6ef0a7183) Importer(815301076,1909f56bfc062723c751e8b465ee728b)  -> (artifact id: '4efe762749e4990b9ed5ed55c749bcfe') in 0.016315 seconds 
  Import took 0.019638 seconds .

========================================================================
Received Import Request.
  Time since last request: 577.273957 seconds.
  path: Assets/Shaders/MyDomeMapShader.shader
  artifactKey: Guid(acfb1026cb571e04690ee1d5febf7adc) Importer(815301076,1909f56bfc062723c751e8b465ee728b)
Start importing Assets/Shaders/MyDomeMapShader.shader using Guid(acfb1026cb571e04690ee1d5febf7adc) Importer(815301076,1909f56bfc062723c751e8b465ee728b)  -> (artifact id: '7d064f03d69537224f01c453d0fed677') in 0.006465 seconds 
  Import took 0.009966 seconds .

========================================================================
Received Import Request.
  Time since last request: 28.680554 seconds.
  path: Assets/Shaders/NewUnlitShader.shader
  artifactKey: Guid(debcedfab173620458106120a261f17c) Importer(815301076,1909f56bfc062723c751e8b465ee728b)
Start importing Assets/Shaders/NewUnlitShader.shader using Guid(debcedfab173620458106120a261f17c) Importer(815301076,1909f56bfc062723c751e8b465ee728b)  -> (artifact id: 'ce73bc2dfe8f95b95126fd0d118c85c7') in 0.006111 seconds 
  Import took 0.009110 seconds .

========================================================================
Received Import Request.
  Time since last request: 29656.596834 seconds.
  path: Assets/Scripts/ViewModel
  artifactKey: Guid(9c971c04f7a083d4d90297ee8a2c2d71) Importer(815301076,1909f56bfc062723c751e8b465ee728b)
Start importing Assets/Scripts/ViewModel using Guid(9c971c04f7a083d4d90297ee8a2c2d71) Importer(815301076,1909f56bfc062723c751e8b465ee728b)  -> (artifact id: 'e07577476e4fc3627079d2f3701e562c') in 0.050374 seconds 
  Import took 0.135880 seconds .

========================================================================
Received Import Request.
  Time since last request: 19.437106 seconds.
  path: Assets/Scripts/ViewModel/LibraryPane.cs
  artifactKey: Guid(7c507a8a25c48d441b3fbac73f7bf0ff) Importer(815301076,1909f56bfc062723c751e8b465ee728b)
Start importing Assets/Scripts/ViewModel/LibraryPane.cs using Guid(7c507a8a25c48d441b3fbac73f7bf0ff) Importer(815301076,1909f56bfc062723c751e8b465ee728b)  -> (artifact id: '0143aca60700013ea1ed4e333707f0f6') in 0.027035 seconds 
  Import took 0.060653 seconds .

========================================================================
Received Import Request.
  Time since last request: 122.555756 seconds.
  path: Assets/Scripts/ViewModel/LibraryView.cs
  artifactKey: Guid(22e943518fe08014bbbac02c2c722882) Importer(815301076,1909f56bfc062723c751e8b465ee728b)
Start importing Assets/Scripts/ViewModel/LibraryView.cs using Guid(22e943518fe08014bbbac02c2c722882) Importer(815301076,1909f56bfc062723c751e8b465ee728b)  -> (artifact id: '570644f8b7457963d38fe6a2f4767203') in 0.070175 seconds 
  Import took 0.217732 seconds .

========================================================================
Received Import Request.
  Time since last request: 187.258502 seconds.
  path: Assets/Scripts/ViewModel/LibraryView.cs
  artifactKey: Guid(22e943518fe08014bbbac02c2c722882) Importer(815301076,1909f56bfc062723c751e8b465ee728b)
Start importing Assets/Scripts/ViewModel/LibraryView.cs using Guid(22e943518fe08014bbbac02c2c722882) Importer(815301076,1909f56bfc062723c751e8b465ee728b)  -> (artifact id: 'f00013adaa799374ddf088acd6129442') in 0.005378 seconds 
  Import took 0.017378 seconds .

